

Microchip Technology PIC18 LITE Macro Assembler V1.34 build -361300703 
                                                                                               Mon Aug 24 18:36:15 2015

Microchip Technology Omniscient Code Generator (Lite mode) build 201502162209
     1                           	processor	18F24J10
     2                           	fnconf	rparam,??,?,0
     3                           	opt	pw 120
     4                           	opt	lm
     5                           	psect	smallconst,global,reloc=2,class=SMALLCONST,delta=1
     6                           	psect	cinit,global,reloc=2,class=CODE,delta=1
     7                           	psect	bssCOMRAM,global,class=COMRAM,space=1,delta=1
     8                           	psect	cstackCOMRAM,global,class=COMRAM,space=1,delta=1
     9                           	psect	text0,global,reloc=2,class=CODE,delta=1
    10                           	psect	text1,global,reloc=2,class=CODE,delta=1
    11                           	psect	text2,global,reloc=2,class=CODE,delta=1
    12                           	psect	text3,global,reloc=2,class=CODE,delta=1
    13                           	psect	text4,global,reloc=2,class=CODE,delta=1
    14                           	psect	text5,global,reloc=2,class=CODE,delta=1
    15                           	psect	intcodelo,global,reloc=2,class=CODE,delta=1
    16                           	psect	intcode,global,reloc=2,class=CODE,delta=1
    17                           	psect	intcode_body,global,reloc=2,class=CODE,delta=1
    18                           	psect	intsave_regs,global,class=BIGRAM,space=1,delta=1
    19                           	psect	rparam,global,class=COMRAM,space=1,delta=1
    20  0000                     
    21                           	psect	smallconst
    22  000400                     __psmallconst:
    23                           	opt stack 0
    24  000400  00                 	db	0
    25  000401                     _PCB_Version:
    26                           	opt stack 0
    27  000401  50                 	db	80
    28  000402  43                 	db	67
    29  000403  42                 	db	66
    30  000404  20                 	db	32
    31  000405  72                 	db	114
    32  000406  65                 	db	101
    33  000407  76                 	db	118
    34  000408  41                 	db	65
    35  000409  00                 	db	0
    36  00040A                     __end_of_PCB_Version:
    37                           	opt stack 0
    38  00040A  00                 	db	0
    39  00040B  80                 	db	128
    40  00040C  3F                 	db	63
    41  00040D  72                 	db	114
    42  00040E  31                 	db	49
    43  00040F  3F                 	db	63
    44  000410  FE                 	db	254
    45  000411  75                 	db	117
    46  000412  3E                 	db	62
    47  000413  58                 	db	88
    48  000414  63                 	db	99
    49  000415  3D                 	db	61
    50  000416  95                 	db	149
    51  000417  1D                 	db	29
    52  000418  3C                 	db	60
    53  000419  C5                 	db	197
    54  00041A  AE                 	db	174
    55  00041B  3A                 	db	58
    56  00041C  79                 	db	121
    57  00041D  21                 	db	33
    58  00041E  39                 	db	57
    59  00041F  94                 	db	148
    60  000420  80                 	db	128
    61  000421  37                 	db	55
    62  000422  93                 	db	147
    63  000423  A7                 	db	167
    64  000424  35                 	db	53
    65  000425  56                 	db	86
    66  000426  15                 	db	21
    67  000427  34                 	db	52
    68  000428                     __end_ofexp@coeff:
    69                           	opt stack 0
    70  000428  00                 	db	0
    71  000429  00                 	db	0
    72  00042A  00                 	db	0
    73  00042B  00                 	db	0
    74  00042C  80                 	db	128
    75  00042D  3F                 	db	63
    76  00042E  F0                 	db	240
    77  00042F  FF                 	db	255
    78  000430  BE                 	db	190
    79  000431  E2                 	db	226
    80  000432  A9                 	db	169
    81  000433  3E                 	db	62
    82  000434  83                 	db	131
    83  000435  76                 	db	118
    84  000436  BE                 	db	190
    85  000437  AE                 	db	174
    86  000438  2B                 	db	43
    87  000439  3E                 	db	62
    88  00043A  3C                 	db	60
    89  00043B  C3                 	db	195
    90  00043C  BD                 	db	189
    91  00043D  D2                 	db	210
    92  00043E  13                 	db	19
    93  00043F  3D                 	db	61
    94  000440  78                 	db	120
    95  000441  D3                 	db	211
    96  000442  BB                 	db	187
    97  000443                     __end_oflog@coeff:
    98                           	opt stack 0
    99  0000                     _LATA	set	3977
   100  0000                     _LATB	set	3978
   101  0000                     _LATC	set	3979
   102  0000                     _TRISAbits	set	3986
   103  0000                     _TRISBbits	set	3987
   104  0000                     _TRISCbits	set	3988
   105                           
   106                           ; #config settings
   107  000443  00                 	db	0	; dummy byte at the end
   108  0000                     
   109                           	psect	cinit
   110  00059A                     __pcinit:
   111                           	opt stack 0
   112  00059A                     start_initialization:
   113                           	opt stack 0
   114  00059A                     __initialization:
   115                           	opt stack 0
   116                           
   117                           ; Clear objects allocated to COMRAM (2 bytes)
   118  00059A  6A2E               	clrf	(__pbssCOMRAM+1)& (0+255),c
   119  00059C  6A2D               	clrf	__pbssCOMRAM& (0+255),c
   120  00059E                     end_of_initialization:
   121                           	opt stack 0
   122  00059E                     __end_of__initialization:
   123                           	opt stack 0
   124  00059E  0E00               	movlw	low (__Lsmallconst shr (0+16))
   125  0005A0  6EF8               	movwf	tblptru,c
   126  0005A2  0E04               	movlw	high __Lsmallconst
   127  0005A4  6EF7               	movwf	tblptrh,c
   128  0005A6  0100               	movlb	0
   129  0005A8  EFBD  F002         	goto	_main	;jump to C main() function
   130                           tblptru	equ	0xFF8
   131                           tblptrh	equ	0xFF7
   132                           
   133                           	psect	bssCOMRAM
   134  00002D                     __pbssCOMRAM:
   135                           	opt stack 0
   136  00002D                     _errno:
   137                           	opt stack 0
   138  00002D                     	ds	2
   139                           tblptru	equ	0xFF8
   140                           tblptrh	equ	0xFF7
   141                           
   142                           	psect	cstackCOMRAM
   143  000001                     __pcstackCOMRAM:
   144                           	opt stack 0
   145  000001                     ??_low_isr:
   146  000001                     
   147                           ; 2 bytes @ 0x0
   148  000001                     	ds	17
   149  000012                     ??_high_isr:
   150                           
   151                           ; 0 bytes @ 0x11
   152  000012                     	ds	14
   153  000020                     MSC_DelayUS@US:
   154                           	opt stack 0
   155                           
   156                           ; 4 bytes @ 0x1F
   157  000020                     	ds	4
   158  000024                     ??_MSC_DelayUS:
   159                           
   160                           ; 0 bytes @ 0x23
   161  000024                     	ds	1
   162  000025                     MSC_DelayUS@i:
   163                           	opt stack 0
   164                           
   165                           ; 4 bytes @ 0x24
   166  000025                     	ds	4
   167  000029                     MSC_BlinkLED@blink:
   168                           	opt stack 0
   169                           
   170                           ; 2 bytes @ 0x28
   171  000029                     	ds	2
   172  00002B                     MSC_BlinkLED@i:
   173                           	opt stack 0
   174                           
   175                           ; 2 bytes @ 0x2A
   176  00002B                     	ds	2
   177  00002D                     tblptru	equ	0xFF8
   178                           tblptrh	equ	0xFF7
   179                           
   180                           ; 0 bytes @ 0x2C
   181 ;;
   182 ;;Main: autosize = 0, tempsize = 0, incstack = 0, save=0
   183 ;;
   184 ;; *************** function _main *****************
   185 ;; Defined at:
   186 ;;		line 55 in file "main.c"
   187 ;; Parameters:    Size  Location     Type
   188 ;;		None
   189 ;; Auto vars:     Size  Location     Type
   190 ;;		None
   191 ;; Return value:  Size  Location     Type
   192 ;;                  2   12[None  ] int 
   193 ;; Registers used:
   194 ;;		wreg, status,2, status,0, cstack
   195 ;; Tracked objects:
   196 ;;		On entry : 0/0
   197 ;;		On exit  : 0/0
   198 ;;		Unchanged: 0/0
   199 ;; Data sizes:     COMRAM   BANK0   BANK1   BANK2   BANK3
   200 ;;      Params:         0       0       0       0       0
   201 ;;      Locals:         0       0       0       0       0
   202 ;;      Temps:          0       0       0       0       0
   203 ;;      Totals:         0       0       0       0       0
   204 ;;Total ram usage:        0 bytes
   205 ;; Hardware stack levels required when called:    4
   206 ;; This function calls:
   207 ;;		_Init_App
   208 ;;		_Init_System
   209 ;;		_MSC_BlinkLED
   210 ;;		_SYS_ConfigureOscillator
   211 ;; This function is called by:
   212 ;;		Startup code after reset
   213 ;; This function uses a non-reentrant model
   214 ;;
   215                           
   216                           	psect	text0
   217  00057A                     __ptext0:
   218                           	opt stack 0
   219  00057A                     _main:
   220                           	opt stack 27
   221                           
   222                           ;main.c: 58: SYS_ConfigureOscillator();
   223                           
   224                           ;incstack = 0
   225  00057A  ECD6  F002         	call	_SYS_ConfigureOscillator	;wreg free
   226                           
   227                           ;main.c: 59: Init_App();
   228  00057E  ECA3  F002         	call	_Init_App	;wreg free
   229                           
   230                           ;main.c: 60: Init_System();
   231  000582  ECD8  F002         	call	_Init_System	;wreg free
   232                           
   233                           ;main.c: 62: MSC_BlinkLED(15);
   234  000586  0E00               	movlw	0
   235  000588  6E2A               	movwf	MSC_BlinkLED@blink+1,c
   236  00058A  0E0F               	movlw	15
   237  00058C  6E29               	movwf	MSC_BlinkLED@blink,c
   238  00058E  EC88  F002         	call	_MSC_BlinkLED	;wreg free
   239                           
   240                           ;main.c: 63: (LATC &= ~0x10);
   241  000592  988B               	bcf	3979,4,c	;volatile
   242  000594  D7FF               	goto	l14
   243  000596  EF51  F000         	goto	start
   244  00059A                     __end_of_main:
   245                           	opt stack 0
   246                           tblptru	equ	0xFF8
   247                           tblptrh	equ	0xFF7
   248                           
   249 ;; *************** function _SYS_ConfigureOscillator *****************
   250 ;; Defined at:
   251 ;;		line 48 in file "SYSTEM.c"
   252 ;; Parameters:    Size  Location     Type
   253 ;;		None
   254 ;; Auto vars:     Size  Location     Type
   255 ;;		None
   256 ;; Return value:  Size  Location     Type
   257 ;;		None               void
   258 ;; Registers used:
   259 ;;		None
   260 ;; Tracked objects:
   261 ;;		On entry : 0/0
   262 ;;		On exit  : 0/0
   263 ;;		Unchanged: 0/0
   264 ;; Data sizes:     COMRAM   BANK0   BANK1   BANK2   BANK3
   265 ;;      Params:         0       0       0       0       0
   266 ;;      Locals:         0       0       0       0       0
   267 ;;      Temps:          0       0       0       0       0
   268 ;;      Totals:         0       0       0       0       0
   269 ;;Total ram usage:        0 bytes
   270 ;; Hardware stack levels used:    1
   271 ;; Hardware stack levels required when called:    2
   272 ;; This function calls:
   273 ;;		Nothing
   274 ;; This function is called by:
   275 ;;		_main
   276 ;; This function uses a non-reentrant model
   277 ;;
   278                           
   279                           	psect	text1
   280  0005AC                     __ptext1:
   281                           	opt stack 0
   282  0005AC                     _SYS_ConfigureOscillator:
   283                           	opt stack 28
   284                           
   285                           ;SYSTEM.c: 51: __nop();
   286                           
   287                           ;incstack = 0
   288  0005AC  F000               	nop	
   289  0005AE  0012               	return		;funcret
   290  0005B0                     __end_of_SYS_ConfigureOscillator:
   291                           	opt stack 0
   292                           tblptru	equ	0xFF8
   293                           tblptrh	equ	0xFF7
   294                           
   295 ;; *************** function _MSC_BlinkLED *****************
   296 ;; Defined at:
   297 ;;		line 1135 in file "MISC.c"
   298 ;; Parameters:    Size  Location     Type
   299 ;;  blink           2   40[COMRAM] unsigned int 
   300 ;; Auto vars:     Size  Location     Type
   301 ;;  i               2   42[COMRAM] unsigned int 
   302 ;; Return value:  Size  Location     Type
   303 ;;		None               void
   304 ;; Registers used:
   305 ;;		wreg, status,2, status,0, cstack
   306 ;; Tracked objects:
   307 ;;		On entry : 0/0
   308 ;;		On exit  : 0/0
   309 ;;		Unchanged: 0/0
   310 ;; Data sizes:     COMRAM   BANK0   BANK1   BANK2   BANK3
   311 ;;      Params:         2       0       0       0       0
   312 ;;      Locals:         2       0       0       0       0
   313 ;;      Temps:          0       0       0       0       0
   314 ;;      Totals:         4       0       0       0       0
   315 ;;Total ram usage:        4 bytes
   316 ;; Hardware stack levels used:    1
   317 ;; Hardware stack levels required when called:    3
   318 ;; This function calls:
   319 ;;		_MSC_DelayUS
   320 ;; This function is called by:
   321 ;;		_main
   322 ;; This function uses a non-reentrant model
   323 ;;
   324                           
   325                           	psect	text2
   326  000510                     __ptext2:
   327                           	opt stack 0
   328  000510                     _MSC_BlinkLED:
   329                           	opt stack 27
   330                           
   331                           ;MISC.c: 1137: unsigned int i;
   332                           ;MISC.c: 1138: for(i=0;i<blink;i++)
   333                           
   334                           ;incstack = 0
   335  000510  0E00               	movlw	0
   336  000512  6E2C               	movwf	MSC_BlinkLED@i+1,c
   337  000514  0E00               	movlw	0
   338  000516  6E2B               	movwf	MSC_BlinkLED@i,c
   339  000518  D00F               	goto	l2047
   340  00051A                     l2041:
   341                           
   342                           ;MISC.c: 1139: {
   343                           ;MISC.c: 1140: MSC_DelayUS(10000);
   344  00051A  0E10               	movlw	16
   345  00051C  6E20               	movwf	MSC_DelayUS@US,c
   346  00051E  0E27               	movlw	39
   347  000520  6E21               	movwf	MSC_DelayUS@US+1,c
   348  000522  0E00               	movlw	0
   349  000524  6E22               	movwf	MSC_DelayUS@US+2,c
   350  000526  0E00               	movlw	0
   351  000528  6E23               	movwf	MSC_DelayUS@US+3,c
   352  00052A  EC22  F002         	call	_MSC_DelayUS	;wreg free
   353                           
   354                           ;MISC.c: 1141: (LATC ^= 0x10);
   355  00052E  0E10               	movlw	16
   356  000530  1A8B               	xorwf	3979,f,c	;volatile
   357  000532  4A2B               	infsnz	MSC_BlinkLED@i,f,c
   358  000534  2A2C               	incf	MSC_BlinkLED@i+1,f,c
   359  000536  D000               	goto	l2047
   360  000538                     l2047:
   361  000538  5029               	movf	MSC_BlinkLED@blink,w,c
   362  00053A  5C2B               	subwf	MSC_BlinkLED@i,w,c
   363  00053C  502A               	movf	MSC_BlinkLED@blink+1,w,c
   364  00053E  582C               	subwfb	MSC_BlinkLED@i+1,w,c
   365  000540  A0D8               	btfss	status,0,c
   366  000542  D7EB               	goto	l2041
   367  000544  0012               	return		;funcret
   368  000546                     __end_of_MSC_BlinkLED:
   369                           	opt stack 0
   370                           tblptru	equ	0xFF8
   371                           tblptrh	equ	0xFF7
   372                           status	equ	0xFD8
   373                           
   374 ;; *************** function _MSC_DelayUS *****************
   375 ;; Defined at:
   376 ;;		line 47 in file "MISC.c"
   377 ;; Parameters:    Size  Location     Type
   378 ;;  US              4   31[COMRAM] long 
   379 ;; Auto vars:     Size  Location     Type
   380 ;;  i               4   36[COMRAM] long 
   381 ;; Return value:  Size  Location     Type
   382 ;;		None               void
   383 ;; Registers used:
   384 ;;		wreg, status,2, status,0
   385 ;; Tracked objects:
   386 ;;		On entry : 0/0
   387 ;;		On exit  : 0/0
   388 ;;		Unchanged: 0/0
   389 ;; Data sizes:     COMRAM   BANK0   BANK1   BANK2   BANK3
   390 ;;      Params:         4       0       0       0       0
   391 ;;      Locals:         4       0       0       0       0
   392 ;;      Temps:          1       0       0       0       0
   393 ;;      Totals:         9       0       0       0       0
   394 ;;Total ram usage:        9 bytes
   395 ;; Hardware stack levels used:    1
   396 ;; Hardware stack levels required when called:    2
   397 ;; This function calls:
   398 ;;		Nothing
   399 ;; This function is called by:
   400 ;;		_MSC_BlinkLED
   401 ;; This function uses a non-reentrant model
   402 ;;
   403                           
   404                           	psect	text3
   405  000444                     __ptext3:
   406                           	opt stack 0
   407  000444                     _MSC_DelayUS:
   408                           	opt stack 27
   409                           
   410                           ;MISC.c: 49: long i;
   411                           ;MISC.c: 51: for(i=0; i<US; i++)
   412                           
   413                           ;incstack = 0
   414  000444  0E00               	movlw	0
   415  000446  6E25               	movwf	MSC_DelayUS@i,c
   416  000448  0E00               	movlw	0
   417  00044A  6E26               	movwf	MSC_DelayUS@i+1,c
   418  00044C  0E00               	movlw	0
   419  00044E  6E27               	movwf	MSC_DelayUS@i+2,c
   420  000450  0E00               	movlw	0
   421  000452  6E28               	movwf	MSC_DelayUS@i+3,c
   422  000454  D01B               	goto	l70
   423  000456                     l71:
   424                           
   425                           ;MISC.c: 52: {
   426                           ;MISC.c: 54: __nop();
   427  000456  F000               	nop	
   428                           
   429                           ;MISC.c: 55: __nop();
   430  000458  F000               	nop	
   431                           
   432                           ;MISC.c: 56: __nop();
   433  00045A  F000               	nop	
   434                           
   435                           ;MISC.c: 57: __nop();
   436  00045C  F000               	nop	
   437                           
   438                           ;MISC.c: 58: __nop();
   439  00045E  F000               	nop	
   440                           
   441                           ;MISC.c: 59: __nop();
   442  000460  F000               	nop	
   443                           
   444                           ;MISC.c: 60: __nop();
   445  000462  F000               	nop	
   446                           
   447                           ;MISC.c: 61: __nop();
   448  000464  F000               	nop	
   449                           
   450                           ;MISC.c: 62: __nop();
   451  000466  F000               	nop	
   452                           
   453                           ;MISC.c: 63: __nop();
   454  000468  F000               	nop	
   455                           
   456                           ;MISC.c: 64: __nop();
   457  00046A  F000               	nop	
   458                           
   459                           ;MISC.c: 65: __nop();
   460  00046C  F000               	nop	
   461                           
   462                           ;MISC.c: 66: __nop();
   463  00046E  F000               	nop	
   464                           
   465                           ;MISC.c: 67: __nop();
   466  000470  F000               	nop	
   467                           
   468                           ;MISC.c: 68: __nop();
   469  000472  F000               	nop	
   470                           
   471                           ;MISC.c: 69: __nop();
   472  000474  F000               	nop	
   473                           
   474                           ;MISC.c: 70: __nop();
   475  000476  F000               	nop	
   476                           
   477                           ;MISC.c: 71: __nop();
   478  000478  F000               	nop	
   479                           
   480                           ;MISC.c: 72: __nop();
   481  00047A  F000               	nop	
   482                           
   483                           ;MISC.c: 74: __nop();
   484  00047C  F000               	nop	
   485                           
   486                           ;MISC.c: 75: __nop();
   487  00047E  F000               	nop	
   488  000480  0E01               	movlw	1
   489  000482  2625               	addwf	MSC_DelayUS@i,f,c
   490  000484  0E00               	movlw	0
   491  000486  2226               	addwfc	MSC_DelayUS@i+1,f,c
   492  000488  2227               	addwfc	MSC_DelayUS@i+2,f,c
   493  00048A  2228               	addwfc	MSC_DelayUS@i+3,f,c
   494  00048C                     l70:
   495  00048C  5020               	movf	MSC_DelayUS@US,w,c
   496  00048E  5C25               	subwf	MSC_DelayUS@i,w,c
   497  000490  5021               	movf	MSC_DelayUS@US+1,w,c
   498  000492  5826               	subwfb	MSC_DelayUS@i+1,w,c
   499  000494  5022               	movf	MSC_DelayUS@US+2,w,c
   500  000496  5827               	subwfb	MSC_DelayUS@i+2,w,c
   501  000498  5028               	movf	MSC_DelayUS@i+3,w,c
   502  00049A  0A80               	xorlw	128
   503  00049C  6E24               	movwf	??_MSC_DelayUS& (0+255),c
   504  00049E  5023               	movf	MSC_DelayUS@US+3,w,c
   505  0004A0  0A80               	xorlw	128
   506  0004A2  5824               	subwfb	??_MSC_DelayUS& (0+255),w,c
   507  0004A4  A0D8               	btfss	status,0,c
   508  0004A6  D7D7               	goto	l71
   509  0004A8  0012               	return		;funcret
   510  0004AA                     __end_of_MSC_DelayUS:
   511                           	opt stack 0
   512                           tblptru	equ	0xFF8
   513                           tblptrh	equ	0xFF7
   514                           status	equ	0xFD8
   515                           
   516 ;; *************** function _Init_System *****************
   517 ;; Defined at:
   518 ;;		line 142 in file "USER.c"
   519 ;; Parameters:    Size  Location     Type
   520 ;;		None
   521 ;; Auto vars:     Size  Location     Type
   522 ;;		None
   523 ;; Return value:  Size  Location     Type
   524 ;;		None               void
   525 ;; Registers used:
   526 ;;		None
   527 ;; Tracked objects:
   528 ;;		On entry : 0/0
   529 ;;		On exit  : 0/0
   530 ;;		Unchanged: 0/0
   531 ;; Data sizes:     COMRAM   BANK0   BANK1   BANK2   BANK3
   532 ;;      Params:         0       0       0       0       0
   533 ;;      Locals:         0       0       0       0       0
   534 ;;      Temps:          0       0       0       0       0
   535 ;;      Totals:         0       0       0       0       0
   536 ;;Total ram usage:        0 bytes
   537 ;; Hardware stack levels used:    1
   538 ;; Hardware stack levels required when called:    2
   539 ;; This function calls:
   540 ;;		Nothing
   541 ;; This function is called by:
   542 ;;		_main
   543 ;; This function uses a non-reentrant model
   544 ;;
   545                           
   546                           	psect	text4
   547  0005B0                     __ptext4:
   548                           	opt stack 0
   549  0005B0                     _Init_System:
   550                           	opt stack 28
   551                           
   552                           ;incstack = 0
   553  0005B0  0012               	return		;funcret
   554  0005B2                     __end_of_Init_System:
   555                           	opt stack 0
   556                           tblptru	equ	0xFF8
   557                           tblptrh	equ	0xFF7
   558                           status	equ	0xFD8
   559                           
   560 ;; *************** function _Init_App *****************
   561 ;; Defined at:
   562 ;;		line 63 in file "USER.c"
   563 ;; Parameters:    Size  Location     Type
   564 ;;		None
   565 ;; Auto vars:     Size  Location     Type
   566 ;;		None
   567 ;; Return value:  Size  Location     Type
   568 ;;		None               void
   569 ;; Registers used:
   570 ;;		wreg, status,2
   571 ;; Tracked objects:
   572 ;;		On entry : 0/0
   573 ;;		On exit  : 0/0
   574 ;;		Unchanged: 0/0
   575 ;; Data sizes:     COMRAM   BANK0   BANK1   BANK2   BANK3
   576 ;;      Params:         0       0       0       0       0
   577 ;;      Locals:         0       0       0       0       0
   578 ;;      Temps:          0       0       0       0       0
   579 ;;      Totals:         0       0       0       0       0
   580 ;;Total ram usage:        0 bytes
   581 ;; Hardware stack levels used:    1
   582 ;; Hardware stack levels required when called:    2
   583 ;; This function calls:
   584 ;;		Nothing
   585 ;; This function is called by:
   586 ;;		_main
   587 ;; This function uses a non-reentrant model
   588 ;;
   589                           
   590                           	psect	text5
   591  000546                     __ptext5:
   592                           	opt stack 0
   593  000546                     _Init_App:
   594                           	opt stack 28
   595                           
   596                           ;USER.c: 65: LATA = 0;
   597                           
   598                           ;incstack = 0
   599  000546  0E00               	movlw	0
   600  000548  6E89               	movwf	3977,c	;volatile
   601                           
   602                           ;USER.c: 66: LATB = 0;
   603  00054A  0E00               	movlw	0
   604  00054C  6E8A               	movwf	3978,c	;volatile
   605                           
   606                           ;USER.c: 67: LATC = 0;
   607  00054E  0E00               	movlw	0
   608  000550  6E8B               	movwf	3979,c	;volatile
   609                           
   610                           ;USER.c: 70: TRISCbits.TRISC0 = 1;
   611  000552  8094               	bsf	3988,0,c	;volatile
   612                           
   613                           ;USER.c: 71: TRISCbits.TRISC1 = 1;
   614  000554  8294               	bsf	3988,1,c	;volatile
   615                           
   616                           ;USER.c: 74: TRISAbits.TRISA0 = 1;
   617  000556  8092               	bsf	3986,0,c	;volatile
   618                           
   619                           ;USER.c: 78: TRISAbits.TRISA1 = 1;
   620  000558  8292               	bsf	3986,1,c	;volatile
   621                           
   622                           ;USER.c: 81: TRISAbits.TRISA2 = 0;
   623  00055A  9492               	bcf	3986,2,c	;volatile
   624                           
   625                           ;USER.c: 84: TRISAbits.TRISA5 = 0;
   626  00055C  9A92               	bcf	3986,5,c	;volatile
   627                           
   628                           ;USER.c: 87: TRISBbits.TRISB1 = 1;
   629  00055E  8293               	bsf	3987,1,c	;volatile
   630                           
   631                           ;USER.c: 88: TRISBbits.TRISB2 = 1;
   632  000560  8493               	bsf	3987,2,c	;volatile
   633                           
   634                           ;USER.c: 92: TRISBbits.TRISB3 = 0;
   635  000562  9693               	bcf	3987,3,c	;volatile
   636                           
   637                           ;USER.c: 95: TRISCbits.TRISC2 = 0;
   638  000564  9494               	bcf	3988,2,c	;volatile
   639                           
   640                           ;USER.c: 99: TRISCbits.TRISC3 = 0;
   641  000566  9694               	bcf	3988,3,c	;volatile
   642                           
   643                           ;USER.c: 102: TRISCbits.TRISC5 = 0;
   644  000568  9A94               	bcf	3988,5,c	;volatile
   645                           
   646                           ;USER.c: 106: TRISCbits.TRISC4 = 0;
   647  00056A  9894               	bcf	3988,4,c	;volatile
   648                           
   649                           ;USER.c: 110: TRISBbits.TRISB0 = 1;
   650  00056C  8093               	bsf	3987,0,c	;volatile
   651                           
   652                           ;USER.c: 111: TRISBbits.TRISB4 = 1;
   653  00056E  8893               	bsf	3987,4,c	;volatile
   654                           
   655                           ;USER.c: 115: TRISBbits.TRISB5 = 1;
   656  000570  8A93               	bsf	3987,5,c	;volatile
   657                           
   658                           ;USER.c: 119: TRISAbits.TRISA3 = 1;
   659  000572  8692               	bsf	3986,3,c	;volatile
   660                           
   661                           ;USER.c: 131: TRISCbits.TRISC6 = 0;
   662  000574  9C94               	bcf	3988,6,c	;volatile
   663                           
   664                           ;USER.c: 132: TRISCbits.TRISC7 = 0;
   665  000576  9E94               	bcf	3988,7,c	;volatile
   666  000578  0012               	return		;funcret
   667  00057A                     __end_of_Init_App:
   668                           	opt stack 0
   669                           tblptru	equ	0xFF8
   670                           tblptrh	equ	0xFF7
   671                           status	equ	0xFD8
   672                           
   673 ;; *************** function _low_isr *****************
   674 ;; Defined at:
   675 ;;		line 47 in file "INTERRUPTS.c"
   676 ;; Parameters:    Size  Location     Type
   677 ;;		None
   678 ;; Auto vars:     Size  Location     Type
   679 ;;		None
   680 ;; Return value:  Size  Location     Type
   681 ;;		None               void
   682 ;; Registers used:
   683 ;;		None
   684 ;; Tracked objects:
   685 ;;		On entry : 0/0
   686 ;;		On exit  : 0/0
   687 ;;		Unchanged: 0/0
   688 ;; Data sizes:     COMRAM   BANK0   BANK1   BANK2   BANK3
   689 ;;      Params:         0       0       0       0       0
   690 ;;      Locals:         0       0       0       0       0
   691 ;;      Temps:         17       0       0       0       0
   692 ;;      Totals:        17       0       0       0       0
   693 ;;Total ram usage:       17 bytes
   694 ;; Hardware stack levels used:    1
   695 ;; Hardware stack levels required when called:    1
   696 ;; This function calls:
   697 ;;		Nothing
   698 ;; This function is called by:
   699 ;;		Interrupt level 1
   700 ;; This function uses a non-reentrant model
   701 ;;
   702                           
   703                           	psect	intcodelo
   704  000018                     __pintcodelo:
   705                           	opt stack 0
   706  000018                     _low_isr:
   707                           	opt stack 27
   708                           
   709                           ;incstack = 0
   710  000018  CFD8 F001          	movff	status,??_low_isr
   711  00001C  CFE8 F002          	movff	wreg,??_low_isr+1
   712  000020  CFE0 F003          	movff	bsr,??_low_isr+2
   713  000024  CFFA F004          	movff	pclath,??_low_isr+3
   714  000028  CFFB F005          	movff	pclatu,??_low_isr+4
   715  00002C  CFE9 F006          	movff	fsr0l,??_low_isr+5
   716  000030  CFEA F007          	movff	fsr0h,??_low_isr+6
   717  000034  CFE1 F008          	movff	fsr1l,??_low_isr+7
   718  000038  CFE2 F009          	movff	fsr1h,??_low_isr+8
   719  00003C  CFD9 F00A          	movff	fsr2l,??_low_isr+9
   720  000040  CFDA F00B          	movff	fsr2h,??_low_isr+10
   721  000044  CFF3 F00C          	movff	prodl,??_low_isr+11
   722  000048  CFF4 F00D          	movff	prodh,??_low_isr+12
   723  00004C  CFF6 F00E          	movff	tblptrl,??_low_isr+13
   724  000050  CFF7 F00F          	movff	tblptrh,??_low_isr+14
   725  000054  CFF8 F010          	movff	tblptru,??_low_isr+15
   726  000058  CFF5 F011          	movff	tablat,??_low_isr+16
   727  00005C  C011  FFF5         	movff	??_low_isr+16,tablat
   728  000060  C010  FFF8         	movff	??_low_isr+15,tblptru
   729  000064  C00F  FFF7         	movff	??_low_isr+14,tblptrh
   730  000068  C00E  FFF6         	movff	??_low_isr+13,tblptrl
   731  00006C  C00D  FFF4         	movff	??_low_isr+12,prodh
   732  000070  C00C  FFF3         	movff	??_low_isr+11,prodl
   733  000074  C00B  FFDA         	movff	??_low_isr+10,fsr2h
   734  000078  C00A  FFD9         	movff	??_low_isr+9,fsr2l
   735  00007C  C009  FFE2         	movff	??_low_isr+8,fsr1h
   736  000080  C008  FFE1         	movff	??_low_isr+7,fsr1l
   737  000084  C007  FFEA         	movff	??_low_isr+6,fsr0h
   738  000088  C006  FFE9         	movff	??_low_isr+5,fsr0l
   739  00008C  C005  FFFB         	movff	??_low_isr+4,pclatu
   740  000090  C004  FFFA         	movff	??_low_isr+3,pclath
   741  000094  C003  FFE0         	movff	??_low_isr+2,bsr
   742  000098  C002  FFE8         	movff	??_low_isr+1,wreg
   743  00009C  C001  FFD8         	movff	??_low_isr,status
   744  0000A0  0010               	retfie	
   745  0000A2                     __end_of_low_isr:
   746                           	opt stack 0
   747                           pclatu	equ	0xFFB
   748                           pclath	equ	0xFFA
   749                           tblptru	equ	0xFF8
   750                           tblptrh	equ	0xFF7
   751                           tblptrl	equ	0xFF6
   752                           tablat	equ	0xFF5
   753                           prodh	equ	0xFF4
   754                           prodl	equ	0xFF3
   755                           fsr0h	equ	0xFEA
   756                           fsr0l	equ	0xFE9
   757                           wreg	equ	0xFE8
   758                           fsr1h	equ	0xFE2
   759                           fsr1l	equ	0xFE1
   760                           bsr	equ	0xFE0
   761                           fsr2h	equ	0xFDA
   762                           fsr2l	equ	0xFD9
   763                           status	equ	0xFD8
   764                           
   765 ;; *************** function _high_isr *****************
   766 ;; Defined at:
   767 ;;		line 39 in file "INTERRUPTS.c"
   768 ;; Parameters:    Size  Location     Type
   769 ;;		None
   770 ;; Auto vars:     Size  Location     Type
   771 ;;		None
   772 ;; Return value:  Size  Location     Type
   773 ;;		None               void
   774 ;; Registers used:
   775 ;;		None
   776 ;; Tracked objects:
   777 ;;		On entry : 0/0
   778 ;;		On exit  : 0/0
   779 ;;		Unchanged: 0/0
   780 ;; Data sizes:     COMRAM   BANK0   BANK1   BANK2   BANK3
   781 ;;      Params:         0       0       0       0       0
   782 ;;      Locals:         0       0       0       0       0
   783 ;;      Temps:         14       0       0       0       0
   784 ;;      Totals:        14       0       0       0       0
   785 ;;Total ram usage:       14 bytes
   786 ;; Hardware stack levels used:    1
   787 ;; This function calls:
   788 ;;		Nothing
   789 ;; This function is called by:
   790 ;;		Interrupt level 2
   791 ;; This function uses a non-reentrant model
   792 ;;
   793                           
   794                           	psect	intcode
   795  000008                     __pintcode:
   796                           	opt stack 0
   797  000008                     _high_isr:
   798                           	opt stack 27
   799                           
   800                           ;incstack = 0
   801  000008  CFFA F012          	movff	pclath,??_high_isr
   802  00000C  CFFB F013          	movff	pclatu,??_high_isr+1
   803  000010  CFE9 F014          	movff	fsr0l,??_high_isr+2
   804  000014  EF55  F002         	goto	int_func
   805                           pclatu	equ	0xFFB
   806                           pclath	equ	0xFFA
   807                           tblptru	equ	0xFF8
   808                           tblptrh	equ	0xFF7
   809                           tblptrl	equ	0xFF6
   810                           tablat	equ	0xFF5
   811                           prodh	equ	0xFF4
   812                           prodl	equ	0xFF3
   813                           fsr0h	equ	0xFEA
   814                           fsr0l	equ	0xFE9
   815                           wreg	equ	0xFE8
   816                           fsr1h	equ	0xFE2
   817                           fsr1l	equ	0xFE1
   818                           bsr	equ	0xFE0
   819                           fsr2h	equ	0xFDA
   820                           fsr2l	equ	0xFD9
   821                           status	equ	0xFD8
   822                           
   823                           	psect	intcode_body
   824  0004AA                     __pintcode_body:
   825                           	opt stack 27
   826  0004AA                     int_func:
   827                           	opt stack 27
   828  0004AA  CFEA F015          	movff	fsr0h,??_high_isr+3
   829  0004AE  CFE1 F016          	movff	fsr1l,??_high_isr+4
   830  0004B2  CFE2 F017          	movff	fsr1h,??_high_isr+5
   831  0004B6  CFD9 F018          	movff	fsr2l,??_high_isr+6
   832  0004BA  CFDA F019          	movff	fsr2h,??_high_isr+7
   833  0004BE  CFF3 F01A          	movff	prodl,??_high_isr+8
   834  0004C2  CFF4 F01B          	movff	prodh,??_high_isr+9
   835  0004C6  CFF6 F01C          	movff	tblptrl,??_high_isr+10
   836  0004CA  CFF7 F01D          	movff	tblptrh,??_high_isr+11
   837  0004CE  CFF8 F01E          	movff	tblptru,??_high_isr+12
   838  0004D2  CFF5 F01F          	movff	tablat,??_high_isr+13
   839  0004D6  C01F  FFF5         	movff	??_high_isr+13,tablat
   840  0004DA  C01E  FFF8         	movff	??_high_isr+12,tblptru
   841  0004DE  C01D  FFF7         	movff	??_high_isr+11,tblptrh
   842  0004E2  C01C  FFF6         	movff	??_high_isr+10,tblptrl
   843  0004E6  C01B  FFF4         	movff	??_high_isr+9,prodh
   844  0004EA  C01A  FFF3         	movff	??_high_isr+8,prodl
   845  0004EE  C019  FFDA         	movff	??_high_isr+7,fsr2h
   846  0004F2  C018  FFD9         	movff	??_high_isr+6,fsr2l
   847  0004F6  C017  FFE2         	movff	??_high_isr+5,fsr1h
   848  0004FA  C016  FFE1         	movff	??_high_isr+4,fsr1l
   849  0004FE  C015  FFEA         	movff	??_high_isr+3,fsr0h
   850  000502  C014  FFE9         	movff	??_high_isr+2,fsr0l
   851  000506  C013  FFFB         	movff	??_high_isr+1,pclatu
   852  00050A  C012  FFFA         	movff	??_high_isr,pclath
   853  00050E  0011               	retfie		f
   854  000510                     __end_of_high_isr:
   855                           	opt stack 0
   856                           pclatu	equ	0xFFB
   857                           pclath	equ	0xFFA
   858                           tblptru	equ	0xFF8
   859                           tblptrh	equ	0xFF7
   860                           tblptrl	equ	0xFF6
   861                           tablat	equ	0xFF5
   862                           prodh	equ	0xFF4
   863                           prodl	equ	0xFF3
   864                           fsr0h	equ	0xFEA
   865                           fsr0l	equ	0xFE9
   866                           wreg	equ	0xFE8
   867                           fsr1h	equ	0xFE2
   868                           fsr1l	equ	0xFE1
   869                           bsr	equ	0xFE0
   870                           fsr2h	equ	0xFDA
   871                           fsr2l	equ	0xFD9
   872                           status	equ	0xFD8
   873                           pclatu	equ	0xFFB
   874                           pclath	equ	0xFFA
   875                           tblptru	equ	0xFF8
   876                           tblptrh	equ	0xFF7
   877                           tblptrl	equ	0xFF6
   878                           tablat	equ	0xFF5
   879                           prodh	equ	0xFF4
   880                           prodl	equ	0xFF3
   881                           fsr0h	equ	0xFEA
   882                           fsr0l	equ	0xFE9
   883                           wreg	equ	0xFE8
   884                           fsr1h	equ	0xFE2
   885                           fsr1l	equ	0xFE1
   886                           bsr	equ	0xFE0
   887                           fsr2h	equ	0xFDA
   888                           fsr2l	equ	0xFD9
   889                           status	equ	0xFD8
   890                           
   891                           	psect	rparam
   892  0000                     pclatu	equ	0xFFB
   893                           pclath	equ	0xFFA
   894                           tblptru	equ	0xFF8
   895                           tblptrh	equ	0xFF7
   896                           tblptrl	equ	0xFF6
   897                           tablat	equ	0xFF5
   898                           prodh	equ	0xFF4
   899                           prodl	equ	0xFF3
   900                           fsr0h	equ	0xFEA
   901                           fsr0l	equ	0xFE9
   902                           wreg	equ	0xFE8
   903                           fsr1h	equ	0xFE2
   904                           fsr1l	equ	0xFE1
   905                           bsr	equ	0xFE0
   906                           fsr2h	equ	0xFDA
   907                           fsr2l	equ	0xFD9
   908                           status	equ	0xFD8


Data Sizes:
    Strings     0
    Constant    66
    Data        0
    BSS         2
    Persistent  0
    Stack       0

Auto Spaces:
    Space          Size  Autos    Used
    COMRAM          127     44      46
    BANK0           128      0       0
    BANK1           256      0       0
    BANK2           256      0       0
    BANK3           256      0       0

Pointer List with Targets:

    None.

Critical Paths under _main in COMRAM

    _main->_MSC_BlinkLED
    _MSC_BlinkLED->_MSC_DelayUS

Critical Paths under _high_isr in COMRAM

    None.

Critical Paths under _low_isr in COMRAM

    None.

Critical Paths under _main in BANK0

    None.

Critical Paths under _high_isr in BANK0

    None.

Critical Paths under _low_isr in BANK0

    None.

Critical Paths under _main in BANK1

    None.

Critical Paths under _high_isr in BANK1

    None.

Critical Paths under _low_isr in BANK1

    None.

Critical Paths under _main in BANK2

    None.

Critical Paths under _high_isr in BANK2

    None.

Critical Paths under _low_isr in BANK2

    None.

Critical Paths under _main in BANK3

    None.

Critical Paths under _high_isr in BANK3

    None.

Critical Paths under _low_isr in BANK3

    None.

Call Graph Tables:

 ---------------------------------------------------------------------------------
 (Depth) Function   	        Calls       Base Space   Used Autos Params    Refs
 ---------------------------------------------------------------------------------
 (0) _main                                                 0     0      0     198
                           _Init_App
                        _Init_System
                       _MSC_BlinkLED
            _SYS_ConfigureOscillator
 ---------------------------------------------------------------------------------
 (1) _SYS_ConfigureOscillator                              0     0      0       0
 ---------------------------------------------------------------------------------
 (1) _MSC_BlinkLED                                         4     2      2     198
                                             40 COMRAM     4     2      2
                        _MSC_DelayUS
 ---------------------------------------------------------------------------------
 (2) _MSC_DelayUS                                          9     5      4      99
                                             31 COMRAM     9     5      4
 ---------------------------------------------------------------------------------
 (1) _Init_System                                          0     0      0       0
 ---------------------------------------------------------------------------------
 (1) _Init_App                                             0     0      0       0
 ---------------------------------------------------------------------------------
 Estimated maximum stack depth 2
 ---------------------------------------------------------------------------------
 (Depth) Function   	        Calls       Base Space   Used Autos Params    Refs
 ---------------------------------------------------------------------------------
 (3) _low_isr                                             17    17      0       0
                                              0 COMRAM    17    17      0
 ---------------------------------------------------------------------------------
 Estimated maximum stack depth 3
 ---------------------------------------------------------------------------------
 (Depth) Function   	        Calls       Base Space   Used Autos Params    Refs
 ---------------------------------------------------------------------------------
 (4) _high_isr                                            14    14      0       0
                                             17 COMRAM    14    14      0
 ---------------------------------------------------------------------------------
 Estimated maximum stack depth 4
 ---------------------------------------------------------------------------------

 Call Graph Graphs:

 _main (ROOT)
   _Init_App
   _Init_System
   _MSC_BlinkLED
     _MSC_DelayUS
   _SYS_ConfigureOscillator

 _low_isr (ROOT)

 _high_isr (ROOT)

 Address spaces:
Name               Size   Autos  Total    Cost      Usage
BIGRAM             3FF      0       0      12        0.0%
BITBANK3           100      0       0       9        0.0%
BANK3              100      0       0      10        0.0%
BITBANK2           100      0       0       7        0.0%
BANK2              100      0       0       8        0.0%
BITBANK1           100      0       0       5        0.0%
BANK1              100      0       0       6        0.0%
BITBANK0            80      0       0       3        0.0%
BANK0               80      0       0       4        0.0%
BITCOMRAM           7F      0       0       0        0.0%
COMRAM              7F     2C      2E       1       36.2%
BITSFR               0      0       0      40        0.0%
SFR                  0      0       0      40        0.0%
STACK                0      0       0       2        0.0%
NULL                 0      0       0       0        0.0%
ABS                  0      0      2E      11        0.0%
DATA                 0      0      2E      13        0.0%
CODE                 0      0       0       0        0.0%


Microchip Technology PIC18 Macro Assembler V1.34 build -361300703 
Symbol Table                                                                                   Mon Aug 24 18:36:15 2015

                     __CFG_CP0$ON 000000                                l14 0594  
                              l70 048C                                l71 0456  
                              bsr 000FE0                               wreg 000FE8  
                            l2041 051A                              l2047 0538  
                            _LATA 000F89                              _LATB 000F8A  
                            _LATC 000F8B                              _main 057A  
                            fsr0h 000FEA                              fsr1h 000FE2  
                            fsr0l 000FE9                              fsr2h 000FDA  
                            fsr1l 000FE1                              fsr2l 000FD9  
                            pclat 000FFA                              prodh 000FF4  
                            prodl 000FF3                              start 00A2  
                   __CFG_IESO$OFF 000000                     __CFG_FOSC2$ON 000000  
                    ___param_bank 000010                     ??_Init_System 0020  
                           ?_main 0001                    __CFG_FCMEN$OFF 000000  
                   __CFG_XINST$ON 000000                             _errno 002D  
                 __end_of_low_isr 00A2                             tablat 000FF5  
                           status 000FD8                   __initialization 059A  
                    __end_of_main 059A                  __end_of_Init_App 057A  
                          ??_main 002D                      ?_MSC_DelayUS 0020  
                   __activetblptr 000001               __end_of_Init_System 05B2  
                  __CFG_WDTEN$OFF 000000                  __end_of_high_isr 0510  
                  __CFG_STVREN$ON 000000                      __mediumconst 0000  
                       ??_low_isr 0001                            tblptrh 000FF7  
                          tblptrl 000FF6                            tblptru 000FF8  
                 __CFG_FOSC$HSPLL 000000                  __end_ofexp@coeff 0428  
                __end_oflog@coeff 0443                        __accesstop 0080  
         __end_of__initialization 059E                     ___rparam_used 000001  
                  __pcstackCOMRAM 0001                       _Init_System 05B0  
        ?_SYS_ConfigureOscillator 0001                     ?_MSC_BlinkLED 0029  
                       ?_Init_App 0001              __size_of_MSC_DelayUS 0066  
                   MSC_DelayUS@US 0020                    ??_MSC_BlinkLED 002B  
                   MSC_BlinkLED@i 002B                         ?_high_isr 0001  
                      ??_Init_App 0020                           __Hparam 0000  
                         __Lparam 0000                      __psmallconst 0400  
 __end_of_SYS_ConfigureOscillator 05B0                           __pcinit 059A  
                         __ramtop 0400                           __ptext0 057A  
                         __ptext1 05AC                           __ptext2 0510  
                         __ptext3 0444                           __ptext4 05B0  
                         __ptext5 0546                           _low_isr 0018  
                      ??_high_isr 0012                    __pintcode_body 04AA  
            end_of_initialization 059E                           int_func 04AA  
                       _TRISAbits 000F92                         _TRISBbits 000F93  
                       _TRISCbits 000F94              __end_of_MSC_BlinkLED 0546  
                    ?_Init_System 0001               start_initialization 059A  
__size_of_SYS_ConfigureOscillator 0004                 __size_of_Init_App 0034  
                     __pbssCOMRAM 002D               __CFG_CCP2MX$DEFAULT 000000  
               __size_of_high_isr 0508                         __pintcode 0008  
                     __pintcodelo 0018                      MSC_DelayUS@i 0025  
                   ??_MSC_DelayUS 0024                       __smallconst 0400  
                        ?_low_isr 0001               __end_of_PCB_Version 040A  
           __size_of_MSC_BlinkLED 0036                  __CFG_WDTPS$32768 000000  
            __size_of_Init_System 0002               __end_of_MSC_DelayUS 04AA  
                    _MSC_BlinkLED 0510           _SYS_ConfigureOscillator 05AC  
                        _Init_App 0546                          __Hrparam 0000  
                        __Lrparam 0000                      __Lsmallconst 0400  
                     _PCB_Version 0401                  __size_of_low_isr 008A  
                        _high_isr 0008                     __size_of_main 0020  
                     _MSC_DelayUS 0444                          exp@coeff 040A  
                        log@coeff 0428         ??_SYS_ConfigureOscillator 0020  
                        intlevel1 0000                          intlevel2 0000  
               MSC_BlinkLED@blink 0029  
